Using pre-set license
Built from '2021.3/release' branch; Version is '2021.3.17f1 (3e8111cac19d) revision 4096273'; Using compiler version '192829333'; Build Type 'Release'
OS: 'Windows 10  (10.0.19044) 64bit Core' Language: 'en' Physical Memory: 16303 MB
BatchMode: 1, IsHumanControllingUs: 0, StartBugReporterOnCrash: 0, Is64bit: 1, IsPro: 1

COMMAND LINE ARGUMENTS:
C:\Program Files\Unity\Hub\Editor\2021.3.17f1\Editor\Unity.exe
-adb2
-batchMode
-noUpm
-name
AssetImportWorker2
-projectPath
C:/Users/vivia/Desktop/CSU_Chico_real/Sem_6/CAGD_470_Small_Team_Game_Dev/Frogs-Of-Rage/Frogs_Of_Rage_Project
-logFile
Logs/AssetImportWorker2.log
-srvPort
56539
Successfully changed project path to: C:/Users/vivia/Desktop/CSU_Chico_real/Sem_6/CAGD_470_Small_Team_Game_Dev/Frogs-Of-Rage/Frogs_Of_Rage_Project
C:/Users/vivia/Desktop/CSU_Chico_real/Sem_6/CAGD_470_Small_Team_Game_Dev/Frogs-Of-Rage/Frogs_Of_Rage_Project
[UnityMemory] Configuration Parameters - Can be set up in boot.config
    "memorysetup-bucket-allocator-granularity=16"
    "memorysetup-bucket-allocator-bucket-count=8"
    "memorysetup-bucket-allocator-block-size=33554432"
    "memorysetup-bucket-allocator-block-count=8"
    "memorysetup-main-allocator-block-size=16777216"
    "memorysetup-thread-allocator-block-size=16777216"
    "memorysetup-gfx-main-allocator-block-size=16777216"
    "memorysetup-gfx-thread-allocator-block-size=16777216"
    "memorysetup-cache-allocator-block-size=4194304"
    "memorysetup-typetree-allocator-block-size=2097152"
    "memorysetup-profiler-bucket-allocator-granularity=16"
    "memorysetup-profiler-bucket-allocator-bucket-count=8"
    "memorysetup-profiler-bucket-allocator-block-size=33554432"
    "memorysetup-profiler-bucket-allocator-block-count=8"
    "memorysetup-profiler-allocator-block-size=16777216"
    "memorysetup-profiler-editor-allocator-block-size=1048576"
    "memorysetup-temp-allocator-size-main=16777216"
    "memorysetup-job-temp-allocator-block-size=2097152"
    "memorysetup-job-temp-allocator-block-size-background=1048576"
    "memorysetup-job-temp-allocator-reduction-small-platforms=262144"
    "memorysetup-temp-allocator-size-background-worker=32768"
    "memorysetup-temp-allocator-size-job-worker=262144"
    "memorysetup-temp-allocator-size-preload-manager=33554432"
    "memorysetup-temp-allocator-size-nav-mesh-worker=65536"
    "memorysetup-temp-allocator-size-audio-worker=65536"
    "memorysetup-temp-allocator-size-cloud-worker=32768"
    "memorysetup-temp-allocator-size-gi-baking-worker=262144"
    "memorysetup-temp-allocator-size-gfx=262144"
Player connection [26344] Host "[IP] 26.246.133.92 [Port] 0 [Flags] 2 [Guid] 3457114869 [EditorId] 3457114869 [Version] 1048832 [Id] WindowsEditor(7,LAPTOP-MRP4AQ1P) [Debug] 1 [PackageName] WindowsEditor [ProjectName] Editor" joined multi-casting on [225.0.0.222:54997]...

Player connection [26344] Host "[IP] 26.246.133.92 [Port] 0 [Flags] 2 [Guid] 3457114869 [EditorId] 3457114869 [Version] 1048832 [Id] WindowsEditor(7,LAPTOP-MRP4AQ1P) [Debug] 1 [PackageName] WindowsEditor [ProjectName] Editor" joined alternative multi-casting on [225.0.0.222:34997]...

Refreshing native plugins compatible for Editor in 146.59 ms, found 3 plugins.
Preloading 0 native plugins for Editor in 0.00 ms.
Initialize engine version: 2021.3.17f1 (3e8111cac19d)
[Subsystems] Discovering subsystems at path C:/Program Files/Unity/Hub/Editor/2021.3.17f1/Editor/Data/Resources/UnitySubsystems
[Subsystems] Discovering subsystems at path C:/Users/vivia/Desktop/CSU_Chico_real/Sem_6/CAGD_470_Small_Team_Game_Dev/Frogs-Of-Rage/Frogs_Of_Rage_Project/Assets
GfxDevice: creating device client; threaded=0; jobified=0
Direct3D:
    Version:  Direct3D 11.0 [level 11.1]
    Renderer: NVIDIA GeForce GTX 1660 Ti (ID=0x2191)
    Vendor:   NVIDIA
    VRAM:     5991 MB
    Driver:   30.0.15.1215
Initialize mono
Mono path[0] = 'C:/Program Files/Unity/Hub/Editor/2021.3.17f1/Editor/Data/Managed'
Mono path[1] = 'C:/Program Files/Unity/Hub/Editor/2021.3.17f1/Editor/Data/MonoBleedingEdge/lib/mono/unityjit-win32'
Mono config path = 'C:/Program Files/Unity/Hub/Editor/2021.3.17f1/Editor/Data/MonoBleedingEdge/etc'
Using monoOptions --debugger-agent=transport=dt_socket,embedding=1,server=y,suspend=n,address=127.0.0.1:56784
Begin MonoManager ReloadAssembly
Registering precompiled unity dll's ...
Register platform support module: C:/Program Files/Unity/Hub/Editor/2021.3.17f1/Editor/Data/PlaybackEngines/WindowsStandaloneSupport/UnityEditor.WindowsStandalone.Extensions.dll
Registered in 0.007891 seconds.
Native extension for WindowsStandalone target not found
Refreshing native plugins compatible for Editor in 119.17 ms, found 3 plugins.
Preloading 0 native plugins for Editor in 0.00 ms.
Mono: successfully reloaded assembly
- Completed reload, in  0.798 seconds
Domain Reload Profiling:
	ReloadAssembly (799ms)
		BeginReloadAssembly (72ms)
			ExecutionOrderSort (0ms)
			DisableScriptedObjects (0ms)
			BackupInstance (0ms)
			ReleaseScriptingObjects (0ms)
			CreateAndSetChildDomain (1ms)
		EndReloadAssembly (608ms)
			LoadAssemblies (70ms)
			RebuildTransferFunctionScriptingTraits (0ms)
			SetupTypeCache (162ms)
			ReleaseScriptCaches (0ms)
			RebuildScriptCaches (38ms)
			SetupLoadedEditorAssemblies (346ms)
				LogAssemblyErrors (0ms)
				InitializePlatformSupportModulesInManaged (10ms)
				SetLoadedEditorAssemblies (0ms)
				RefreshPlugins (119ms)
				BeforeProcessingInitializeOnLoad (2ms)
				ProcessInitializeOnLoadAttributes (162ms)
				ProcessInitializeOnLoadMethodAttributes (52ms)
				AfterProcessingInitializeOnLoad (0ms)
				EditorAssembliesLoaded (0ms)
			ExecutionOrderSort2 (0ms)
			AwakeInstancesAfterBackupRestoration (0ms)
Platform modules already initialized, skipping
Registering precompiled user dll's ...
Registered in 0.009753 seconds.
Begin MonoManager ReloadAssembly
Symbol file LoadedFromMemory doesn't match image C:\Users\vivia\Desktop\CSU_Chico_real\Sem_6\CAGD_470_Small_Team_Game_Dev\Frogs-Of-Rage\Frogs_Of_Rage_Project\Library\PackageCache\com.unity.visualscripting@1.8.0\Editor\VisualScripting.Core\Dependencies\YamlDotNet\Unity.VisualScripting.YamlDotNet.dll
Symbol file LoadedFromMemory doesn't match image C:\Users\vivia\Desktop\CSU_Chico_real\Sem_6\CAGD_470_Small_Team_Game_Dev\Frogs-Of-Rage\Frogs_Of_Rage_Project\Library\PackageCache\com.unity.visualscripting@1.8.0\Editor\VisualScripting.Core\Dependencies\DotNetZip\Unity.VisualScripting.IonicZip.dll
Native extension for WindowsStandalone target not found
Refreshing native plugins compatible for Editor in 131.96 ms, found 3 plugins.
Preloading 0 native plugins for Editor in 0.00 ms.
Mono: successfully reloaded assembly
- Completed reload, in  1.444 seconds
Domain Reload Profiling:
	ReloadAssembly (1445ms)
		BeginReloadAssembly (122ms)
			ExecutionOrderSort (0ms)
			DisableScriptedObjects (6ms)
			BackupInstance (0ms)
			ReleaseScriptingObjects (0ms)
			CreateAndSetChildDomain (21ms)
		EndReloadAssembly (1193ms)
			LoadAssemblies (95ms)
			RebuildTransferFunctionScriptingTraits (0ms)
			SetupTypeCache (290ms)
			ReleaseScriptCaches (1ms)
			RebuildScriptCaches (90ms)
			SetupLoadedEditorAssemblies (655ms)
				LogAssemblyErrors (0ms)
				InitializePlatformSupportModulesInManaged (6ms)
				SetLoadedEditorAssemblies (0ms)
				RefreshPlugins (132ms)
				BeforeProcessingInitializeOnLoad (154ms)
				ProcessInitializeOnLoadAttributes (273ms)
				ProcessInitializeOnLoadMethodAttributes (82ms)
				AfterProcessingInitializeOnLoad (8ms)
				EditorAssembliesLoaded (0ms)
			ExecutionOrderSort2 (0ms)
			AwakeInstancesAfterBackupRestoration (6ms)
Platform modules already initialized, skipping
========================================================================
Worker process is ready to serve import requests
Launched and connected shader compiler UnityShaderCompiler.exe after 0.05 seconds
Refreshing native plugins compatible for Editor in 0.80 ms, found 3 plugins.
Preloading 0 native plugins for Editor in 0.00 ms.
Unloading 5033 Unused Serialized files (Serialized files now loaded: 0)
Unloading 34 unused Assets / (0.7 MB). Loaded Objects now: 5484.
Memory consumption went from 199.0 MB to 198.3 MB.
Total: 4.428100 ms (FindLiveObjects: 0.386100 ms CreateObjectMapping: 0.338200 ms MarkObjects: 3.329400 ms  DeleteObjects: 0.373600 ms)

AssetImportParameters requested are different than current active one (requested -> active):
  custom:video-decoder-ogg-theora: a1e56fd34408186e4bbccfd4996cb3dc -> 
  custom:container-muxer-webm: aa71ff27fc2769a1b78a27578f13a17b -> 
  custom:container-demuxer-webm: 4f35f7cbe854078d1ac9338744f61a02 -> 
  custom:video-encoder-webm-vp8: eb34c28f22e8b96e1ab97ce403110664 -> 
  custom:video-codec-MediaFoundation-h265: 746d11721c4dcdbdad8f713fa42b33f4 -> 
  custom:audio-encoder-webm-vorbis: bf7c407c2cedff20999df2af8eb42d56 -> 
  custom:framework-win-MediaFoundation: 216162199b28c13a410421893ffa2e32 -> 
  custom:container-demuxer-ogg: 62fdf1f143b41e24485cea50d1cbac27 -> 
  custom:video-decoder-webm-vp8: 9c59270c3fd7afecdb556c50c9e8de78 -> 
  custom:audio-decoder-ogg-vorbis: bf7c407c2cedff20999df2af8eb42d56 -> 
========================================================================
Received Import Request.
  Time since last request: 4490.833041 seconds.
  path: Assets/TutorialInfo/Scripts
  artifactKey: Guid(5a9bcd70e6a4b4b05badaa72e827d8e0) Importer(815301076,1909f56bfc062723c751e8b465ee728b)
Start importing Assets/TutorialInfo/Scripts using Guid(5a9bcd70e6a4b4b05badaa72e827d8e0) Importer(815301076,1909f56bfc062723c751e8b465ee728b)  -> (artifact id: 'bd40405b1c33fc38c3cf389a51b62526') in 0.012268 seconds 
========================================================================
Received Prepare
Registering precompiled user dll's ...
Registered in 0.011681 seconds.
Begin MonoManager ReloadAssembly
Symbol file LoadedFromMemory doesn't match image C:\Users\vivia\Desktop\CSU_Chico_real\Sem_6\CAGD_470_Small_Team_Game_Dev\Frogs-Of-Rage\Frogs_Of_Rage_Project\Library\PackageCache\com.unity.visualscripting@1.8.0\Editor\VisualScripting.Core\Dependencies\YamlDotNet\Unity.VisualScripting.YamlDotNet.dll
Symbol file LoadedFromMemory doesn't match image C:\Users\vivia\Desktop\CSU_Chico_real\Sem_6\CAGD_470_Small_Team_Game_Dev\Frogs-Of-Rage\Frogs_Of_Rage_Project\Library\PackageCache\com.unity.visualscripting@1.8.0\Editor\VisualScripting.Core\Dependencies\DotNetZip\Unity.VisualScripting.IonicZip.dll
Native extension for WindowsStandalone target not found
Refreshing native plugins compatible for Editor in 1.72 ms, found 3 plugins.
Preloading 0 native plugins for Editor in 0.00 ms.
Mono: successfully reloaded assembly
- Completed reload, in  1.640 seconds
Domain Reload Profiling:
	ReloadAssembly (1641ms)
		BeginReloadAssembly (204ms)
			ExecutionOrderSort (0ms)
			DisableScriptedObjects (9ms)
			BackupInstance (0ms)
			ReleaseScriptingObjects (0ms)
			CreateAndSetChildDomain (69ms)
		EndReloadAssembly (1275ms)
			LoadAssemblies (125ms)
			RebuildTransferFunctionScriptingTraits (0ms)
			SetupTypeCache (382ms)
			ReleaseScriptCaches (2ms)
			RebuildScriptCaches (70ms)
			SetupLoadedEditorAssemblies (616ms)
				LogAssemblyErrors (0ms)
				InitializePlatformSupportModulesInManaged (20ms)
				SetLoadedEditorAssemblies (1ms)
				RefreshPlugins (2ms)
				BeforeProcessingInitializeOnLoad (137ms)
				ProcessInitializeOnLoadAttributes (326ms)
				ProcessInitializeOnLoadMethodAttributes (117ms)
				AfterProcessingInitializeOnLoad (12ms)
				EditorAssembliesLoaded (0ms)
			ExecutionOrderSort2 (0ms)
			AwakeInstancesAfterBackupRestoration (21ms)
Platform modules already initialized, skipping
Refreshing native plugins compatible for Editor in 3.27 ms, found 3 plugins.
Preloading 0 native plugins for Editor in 0.00 ms.
Unloading 4907 Unused Serialized files (Serialized files now loaded: 0)
Unloading 28 unused Assets / (0.7 MB). Loaded Objects now: 5486.
Memory consumption went from 189.8 MB to 189.1 MB.
Total: 6.092400 ms (FindLiveObjects: 0.595100 ms CreateObjectMapping: 0.733200 ms MarkObjects: 4.218900 ms  DeleteObjects: 0.543700 ms)

AssetImportParameters requested are different than current active one (requested -> active):
  custom:video-decoder-ogg-theora: a1e56fd34408186e4bbccfd4996cb3dc -> 
  custom:container-muxer-webm: aa71ff27fc2769a1b78a27578f13a17b -> 
  custom:container-demuxer-webm: 4f35f7cbe854078d1ac9338744f61a02 -> 
  custom:video-encoder-webm-vp8: eb34c28f22e8b96e1ab97ce403110664 -> 
  custom:video-codec-MediaFoundation-h265: 746d11721c4dcdbdad8f713fa42b33f4 -> 
  custom:audio-encoder-webm-vorbis: bf7c407c2cedff20999df2af8eb42d56 -> 
  custom:framework-win-MediaFoundation: 216162199b28c13a410421893ffa2e32 -> 
  custom:container-demuxer-ogg: 62fdf1f143b41e24485cea50d1cbac27 -> 
  custom:video-decoder-webm-vp8: 9c59270c3fd7afecdb556c50c9e8de78 -> 
  custom:audio-decoder-ogg-vorbis: bf7c407c2cedff20999df2af8eb42d56 -> 
========================================================================
Received Import Request.
  Time since last request: 28.228804 seconds.
  path: Assets/RenderPipelineSettings
  artifactKey: Guid(709f11a7f3c4041caa4ef136ea32d874) Importer(815301076,1909f56bfc062723c751e8b465ee728b)
Start importing Assets/RenderPipelineSettings using Guid(709f11a7f3c4041caa4ef136ea32d874) Importer(815301076,1909f56bfc062723c751e8b465ee728b)  -> (artifact id: '67ba5a84aeaf2144217166f01af4ab9e') in 0.018855 seconds 
========================================================================
Received Import Request.
  Time since last request: 7.179717 seconds.
  path: Assets/Lighting
  artifactKey: Guid(aff7c2055cb222943843c6cc90d9d078) Importer(815301076,1909f56bfc062723c751e8b465ee728b)
Start importing Assets/Lighting using Guid(aff7c2055cb222943843c6cc90d9d078) Importer(815301076,1909f56bfc062723c751e8b465ee728b)  -> (artifact id: 'c717360be3c88e58b4ce31c08afaf710') in 0.009159 seconds 
========================================================================
Received Import Request.
  Time since last request: 4.114374 seconds.
  path: Assets/RenderPipelineSettings
  artifactKey: Guid(709f11a7f3c4041caa4ef136ea32d874) Importer(815301076,1909f56bfc062723c751e8b465ee728b)
Start importing Assets/RenderPipelineSettings using Guid(709f11a7f3c4041caa4ef136ea32d874) Importer(815301076,1909f56bfc062723c751e8b465ee728b)  -> (artifact id: 'f73519e63104651e9ecafb59adec0712') in 0.002342 seconds 
========================================================================
Received Import Request.
  Time since last request: 13.655721 seconds.
  path: Assets/Audio
  artifactKey: Guid(f9bd97e854165fc478a16bdf0a7f39c1) Importer(815301076,1909f56bfc062723c751e8b465ee728b)
Start importing Assets/Audio using Guid(f9bd97e854165fc478a16bdf0a7f39c1) Importer(815301076,1909f56bfc062723c751e8b465ee728b)  -> (artifact id: '5ef4f44953e1123c60264a4aed32acb3') in 0.006903 seconds 
========================================================================
Received Import Request.
  Time since last request: 12.818233 seconds.
  path: Assets/Audio/SoundClips
  artifactKey: Guid(257f32cac9ca2ed4288f8ccff497ce91) Importer(815301076,1909f56bfc062723c751e8b465ee728b)
Start importing Assets/Audio/SoundClips using Guid(257f32cac9ca2ed4288f8ccff497ce91) Importer(815301076,1909f56bfc062723c751e8b465ee728b)  -> (artifact id: 'bd5aa96a9fd3914090df42d9648ffe31') in 0.006737 seconds 
========================================================================
Received Import Request.
  Time since last request: 13.424053 seconds.
  path: Assets/Audio/New Folder
  artifactKey: Guid(868cefc2e17dd2f4fbc6d1ae94937d1b) Importer(815301076,1909f56bfc062723c751e8b465ee728b)
Start importing Assets/Audio/New Folder using Guid(868cefc2e17dd2f4fbc6d1ae94937d1b) Importer(815301076,1909f56bfc062723c751e8b465ee728b)  -> (artifact id: '8f4600d0c03eb40c273b6ee68093eab3') in 0.007955 seconds 
========================================================================
Received Import Request.
  Time since last request: 8.247836 seconds.
  path: Assets/Audio/Mixers
  artifactKey: Guid(ce3d13bfb0fb1c742b7b9beeed3a65dc) Importer(815301076,1909f56bfc062723c751e8b465ee728b)
Start importing Assets/Audio/Mixers using Guid(ce3d13bfb0fb1c742b7b9beeed3a65dc) Importer(815301076,1909f56bfc062723c751e8b465ee728b)  -> (artifact id: '2972490816bb8fc5b0692c7b6617baff') in 0.006991 seconds 
========================================================================
Received Import Request.
  Time since last request: 86.902569 seconds.
  path: Assets/Art/2D Assets/SpriteSheets
  artifactKey: Guid(225eba30406e0694b895a4b5e96e5b8b) Importer(815301076,1909f56bfc062723c751e8b465ee728b)
Start importing Assets/Art/2D Assets/SpriteSheets using Guid(225eba30406e0694b895a4b5e96e5b8b) Importer(815301076,1909f56bfc062723c751e8b465ee728b)  -> (artifact id: 'b67918825723479fe79d576122008f81') in 0.006363 seconds 
========================================================================
Received Import Request.
  Time since last request: 15.989723 seconds.
  path: Assets/Art/2D Assets/ShaderRelated
  artifactKey: Guid(4bb1d6ce83f0bc7458c2fe2029caa558) Importer(815301076,1909f56bfc062723c751e8b465ee728b)
Start importing Assets/Art/2D Assets/ShaderRelated using Guid(4bb1d6ce83f0bc7458c2fe2029caa558) Importer(815301076,1909f56bfc062723c751e8b465ee728b)  -> (artifact id: 'afc89a29a16b1a1710f75f7679ef551e') in 0.006353 seconds 
========================================================================
Received Import Request.
  Time since last request: 24.388670 seconds.
  path: Assets/Art/2D Assets/StandaloneSprites
  artifactKey: Guid(af9ee1460f14f104f8d2c7aadf282968) Importer(815301076,1909f56bfc062723c751e8b465ee728b)
Start importing Assets/Art/2D Assets/StandaloneSprites using Guid(af9ee1460f14f104f8d2c7aadf282968) Importer(815301076,1909f56bfc062723c751e8b465ee728b)  -> (artifact id: '0dbd1d17d27d91582f8ca92a918011da') in 0.006496 seconds 
